<?xml version="1.0" encoding="UTF-8"?>
<testsuite xmlns:xsi="http://www.w3.org/2001/XMLSchema-instance" xsi:noNamespaceSchemaLocation="https://maven.apache.org/surefire/maven-surefire-plugin/xsd/surefire-test-report-3.0.xsd" version="3.0" name="cucumber.Options.TestRunner" time="9.152" tests="2" errors="0" skipped="0" failures="0">
  <properties>
[...]
</properties>
  <testcase name="Verify if Place is being added using AddPlaceAPI" classname="Validating Place API&apos;s" time="6.096"/>
  <testcase name="Verify if Place is being deleted using DeletePlaceAPI" classname="Validating Place API&apos;s" time="2.089"/>
</testsuite>